<?xml version="1.0" encoding="UTF-8"?>
<!-- Generated by org.testng.reporters.JUnitReportReporter -->
<testsuite skipped="0" hostname="DDT" name="SelPackage.headless" tests="1" failures="0" timestamp="21 Oct 2019 02:28:30 GMT" time="6.282" errors="0">
  <testcase name="test" time="6.282" classname="SelPackage.headless"/>
</testsuite> <!-- SelPackage.headless -->
