<?xml version="1.0" encoding="UTF-8"?>
<!-- Generated by org.testng.reporters.JUnitReportReporter -->
<testsuite skipped="0" hostname="DESKTOP-168DBFO" name="SelPackage.Selenium1" tests="1" failures="0" timestamp="2022-11-28T23:02:31 IST" time="2.985" errors="0">
  <testcase name="test_Home_Page_Appear_Correct" time="2.985" classname="SelPackage.Selenium1"/>
  <system-out/>
</testsuite> <!-- SelPackage.Selenium1 -->
