<?xml version="1.0" encoding="UTF-8"?>
<!-- Generated by org.testng.reporters.JUnitReportReporter -->
<testsuite hostname="ti-nb-532" failures="0" tests="1" name="TestClasses.Login" time="3.090" errors="0" timestamp="2022-06-28T20:08:02 IST" skipped="0">
  <testcase classname="TestClasses.Login" name="test_Home_Page_Appear_Correct" time="3.090"/>
  <system-out/>
</testsuite> <!-- TestClasses.Login -->
