<?xml version="1.0" encoding="UTF-8"?>
<!-- Generated by org.testng.reporters.JUnitReportReporter -->
<testsuite skipped="0" hostname="DESKTOP-IQE80R5" name="SelPackage.Selenium1" tests="1" failures="0" timestamp="2021-10-16T10:17:47 IST" time="3.058" errors="0">
  <testcase name="test_Home_Page_Appear_Correct" time="3.058" classname="SelPackage.Selenium1"/>
  <system-out/>
</testsuite> <!-- SelPackage.Selenium1 -->
